[2025-10-26 13:05:47] [update-product] INFO: Form data received: {"name":"Test3","description":"test","is_top":"1","base_price":"100.00","category_id":"7","weight":"","discount":"","is_active":"1","existing_images":["admin\/uploads\/products\/p73_68f4cb3964d4d_blazer10.webp"],"variants":[{"size_id":"5","quantity":"10","price":"0.00"}],"id":"73","deleted_images":["32","31","30","29"]}
[2025-10-26 13:05:47] [update-product] INFO: Category ID: 7
[2025-10-26 13:05:47] [update-product] INFO: Deleting images: ["32","31","30","29"]
[2025-10-26 13:05:47] [update-product] INFO: Deleted image ID: 32
[2025-10-26 13:05:47] [update-product] INFO: Deleted image ID: 31
[2025-10-26 13:05:47] [update-product] INFO: Deleted image ID: 30
[2025-10-26 13:05:47] [update-product] INFO: Deleted image ID: 29
[2025-10-26 13:06:15] [update-product] INFO: Form data received: {"name":"Test3","description":"test","is_top":"1","base_price":"100.00","category_id":"","weight":"","discount":"","variants":[{"color_id":"24","size_id":"5","quantity":"10","price":"0.00"}],"existing_images":["admin\/uploads\/products\/p73_68f4cb3964d4d_blazer10.webp"],"id":"73"}
[2025-10-26 13:06:15] [update-product] INFO: Category ID: 
[2025-10-26 13:22:59] [update-product] INFO: Form data received: {"name":"Test3","description":"test","is_top":"1","base_price":"100.00","category_id":"7","weight":"","discount":"","variants":[{"color_id":"24","size_id":"5","quantity":"10","price":"0.00"}],"existing_images":["admin\/uploads\/products\/p73_68f4cb3964d4d_blazer10.webp"],"id":"73"}
[2025-10-26 13:22:59] [update-product] INFO: Category ID: 7
[2025-10-26 13:22:59] [update-product] INFO: Discount removed for product ID: 73
[2025-10-26 13:24:13] [update-product] INFO: Form data received: {"name":"Test3","description":"test","is_top":"1","base_price":"100.00","category_id":"7","weight":"","discount":"","variants":[{"color_id":"24","size_id":"5","quantity":"10","price":"0.00"}],"existing_images":["admin\/uploads\/products\/p73_68f4cb3964d4d_blazer10.webp"],"id":"73"}
[2025-10-26 13:24:13] [update-product] INFO: Category ID: 7
[2025-10-26 13:24:13] [update-product] INFO: Discount removed for product ID: 73
[2025-10-26 13:43:05] [update-product] INFO: Form data received: {"name":"Test3","description":"test","is_top":"1","base_price":"100.00","category_id":"","weight":"","discount":"","variants":[{"color_id":"24","size_id":"5","quantity":"10","price":"0.00"}],"existing_images":["admin\/uploads\/products\/p73_68f4cb3964d4d_blazer10.webp"],"id":"73"}
[2025-10-26 13:43:05] [update-product] INFO: Category ID: 
[2025-10-26 13:43:05] [update-product] INFO: Discount removed for product ID: 73
[2025-10-26 13:43:26] [update-product] INFO: Form data received: {"name":"Test3","description":"test","is_top":"1","base_price":"100.00","category_id":"7","weight":"","discount":"","variants":[{"color_id":"24","size_id":"5","quantity":"10","price":"0.00"}],"existing_images":["admin\/uploads\/products\/p73_68f4cb3964d4d_blazer10.webp"],"id":"73"}
[2025-10-26 13:43:26] [update-product] INFO: Category ID: 7
[2025-10-26 13:43:26] [update-product] INFO: Discount removed for product ID: 73
[2025-10-26 13:50:55] [update-product] INFO: Form data received: {"name":"Test3","description":"test","is_top":"1","base_price":"100.00","category_id":"","weight":"","discount":"","variants":[{"color_id":"24","size_id":"5","quantity":"10","price":"0.00"}],"existing_images":["admin\/uploads\/products\/p73_68f4cb3964d4d_blazer10.webp"],"id":"73"}
[2025-10-26 13:50:55] [update-product] INFO: Category ID: 
[2025-10-26 13:51:21] [update-product] INFO: Form data received: {"name":"Test3","description":"test","is_top":"1","base_price":"100.00","category_id":"7","weight":"","discount":"10","is_active":"1","variants":[{"color_id":"24","size_id":"6","quantity":"10","price":""}],"existing_images":["admin\/uploads\/products\/p73_68f4cb3964d4d_blazer10.webp"],"id":"73"}
[2025-10-26 13:51:21] [update-product] INFO: Category ID: 7
[2025-10-26 13:51:21] [update-product] INFO: Discount updated: 10% (Active: 1)
[2025-10-26 13:56:31] [update-product] INFO: Form data received: {"name":"Test3","description":"test","is_top":"1","base_price":"100.00","category_id":"7","weight":"","discount":"10.00","is_active":"1","existing_images":["admin\/uploads\/products\/p73_68f4cb3964d4d_blazer10.webp"],"variants":[{"size_id":"7","quantity":"10","price":""}],"id":"73"}
[2025-10-26 13:56:31] [update-product] INFO: Category ID: 7
[2025-10-26 13:56:57] [update-product] INFO: Form data received: {"name":"Test3","description":"test","is_top":"1","base_price":"100.00","category_id":"7","weight":"","discount":"10.00","is_active":"1","variants":[{"color_id":"24","size_id":"7","quantity":"10","price":""}],"existing_images":["admin\/uploads\/products\/p73_68f4cb3964d4d_blazer10.webp"],"id":"73"}
[2025-10-26 13:56:57] [update-product] INFO: Category ID: 7
[2025-10-26 13:56:57] [update-product] INFO: Discount updated: 10% (Active: 1)
[2025-10-26 14:01:48] [update-product] INFO: Form data received: {"name":"Test3","description":"test","is_top":"1","base_price":"100.00","category_id":"7","weight":"","discount":"10.00","is_active":"1","variants":[{"color_id":"24","size_id":"7","quantity":"10","price":"0.00"}],"existing_images":["admin\/uploads\/products\/p73_68f4cb3964d4d_blazer10.webp"],"id":"73"}
[2025-10-26 14:01:48] [update-product] INFO: Category ID: 7
[2025-10-26 14:01:48] [update-product] INFO: Discount updated: 10% (Active: 1)
[2025-10-26 14:04:35] [update-product] INFO: Form data received: {"name":"Test2","description":"test","is_top":"1","base_price":"100.00","category_id":"7","weight":"","discount":"","variants":[{"color_id":"23","size_id":"6","quantity":"9","price":""}],"existing_images":["admin\/uploads\/products\/p72_68f4caa4eebc9_blazer11.webp","admin\/uploads\/products\/p72_68f4caa4f2124_blazer12.webp","admin\/uploads\/products\/p72_68f4caa500a66_blazer10.webp"],"id":"72"}
[2025-10-26 14:04:35] [update-product] INFO: Category ID: 7
[2025-10-26 14:04:35] [update-product] INFO: Discount removed for product ID: 72
[2025-10-26 14:17:39] [update-product] INFO: Form data received: {"name":"Test","description":"test","is_top":"1","base_price":"100.00","category_id":"7","weight":"","discount":"","default_color":"23","existing_images":["admin\/uploads\/products\/p71_68f4c957714db_blazer11.webp"],"variants":[{"color_id":"","size_id":"6","quantity":"10","price":"0.00"},{"color_id":"23","size_id":"10","quantity":"10","price":""}],"id":"71"}
[2025-10-26 14:17:39] [update-product] INFO: Category ID: 7
[2025-10-26 14:18:26] [update-product] INFO: Form data received: {"name":"Test","description":"test","is_top":"1","base_price":"100.00","category_id":"7","weight":"","discount":"","default_color":"23","existing_images":["admin\/uploads\/products\/p71_68f4c957714db_blazer11.webp"],"variants":[{"color_id":"23","size_id":"6","quantity":"10","price":""},{"color_id":"23","size_id":"7","quantity":"10","price":""}],"id":"71"}
[2025-10-26 14:18:26] [update-product] INFO: Category ID: 7
[2025-10-26 14:18:26] [update-product] INFO: Discount removed for product ID: 71
[2025-10-26 14:25:59] [update-product] INFO: Form data received: {"name":"Test3","description":"test","is_top":"1","base_price":"100.00","category_id":"7","weight":"","discount":"10.00","is_active":"1","variants":[{"color_id":"24","size_id":"7","quantity":"10","price":"0.00"}],"existing_images":["admin\/uploads\/products\/p73_68f4cb3964d4d_blazer10.webp"],"id":"73"}
[2025-10-26 14:25:59] [update-product] INFO: Category ID: 7
[2025-10-26 14:25:59] [update-product] INFO: Discount updated: 10% (Active: 1)
[2025-10-26 18:29:09] [ProductController::addProduct] INFO: Discount created: 10% (Active: 1)
