After insert, fetched product #45:
Array
(
    [id] => 45
    [name] => Jersey midi dress with cut
    [description] => test
    [base_price] => 100.00
    [weight] => 0.00
    [category_id] => 2
    [created_at] => 2025-10-08 15:40:50
    [is_top] => 1
)

After insert, fetched product #46:
Array
(
    [id] => 46
    [name] => Jersey midi dress with cut
    [description] => gjglkhk
    [base_price] => 100.00
    [weight] => 0.00
    [category_id] => 5
    [created_at] => 2025-10-10 14:40:03
    [is_top] => 0
)

