Array
(
    [name] => Jersey midi dress with cut
    [description] => test
    [base_price] => 100
    [category_id] => 4
    [weight] => 
    [variants] => Array
        (
            [0] => Array
                (
                    [quantity] => 10
                    [color_id] => 4
                    [size_id] => 2
                    [price] => 
                )

        )

)
Array
(
    [name] => Jersey midi dress with cut
    [description] => 
    [base_price] => 100
    [category_id] => 4
    [weight] => 
    [variants] => Array
        (
            [0] => Array
                (
                    [quantity] => 10
                    [color_id] => 4
                    [size_id] => 2
                    [price] => 
                )

        )

)
Array
(
    [name] => Jersey midi dress with cut
    [description] => 
    [base_price] => 100
    [category_id] => 4
    [weight] => 
    [variants] => Array
        (
            [0] => Array
                (
                    [quantity] => 10
                    [color_id] => 4
                    [size_id] => 2
                    [price] => 
                )

            [1] => Array
                (
                    [quantity] => 20
                    [color_id] => 3
                    [size_id] => 2
                    [price] => 
                )

        )

)
Array
(
    [name] => Jersey midi dress with cut
    [description] => 
    [base_price] => 100
    [category_id] => 4
    [weight] => 
    [variants] => Array
        (
            [0] => Array
                (
                    [quantity] => 10
                    [color_id] => 4
                    [size_id] => 2
                    [price] => 
                )

        )

)
Array
(
    [name] => Jersey midi dress with cut
    [description] => test
    [base_price] => 100
    [category_id] => 4
    [weight] => 
    [variants] => Array
        (
            [0] => Array
                (
                    [quantity] => 100
                    [color_id] => 4
                    [size_id] => 2
                    [price] => 
                )

        )

)
Image saved: 
Array
(
    [name] => Jersey midi dress with cut
    [description] => 
    [base_price] => 100
    [category_id] => 4
    [weight] => 
    [variants] => Array
        (
            [0] => Array
                (
                    [quantity] => 10
                    [color_id] => 4
                    [size_id] => 2
                    [price] => 
                )

        )

)
POST:
Array
(
    [name] => Jersey midi dress with cut
    [description] => test
    [base_price] => 100
    [category_id] => 4
    [weight] => 
    [variants] => Array
        (
            [0] => Array
                (
                    [quantity] => 10
                    [color_id] => 4
                    [size_id] => 2
                    [price] => 
                )

        )

)
FILES:
Array
(
)
Array
(
    [name] => Jersey midi dress with cut
    [description] => test
    [base_price] => 100
    [category_id] => 4
    [weight] => 
    [variants] => Array
        (
            [0] => Array
                (
                    [quantity] => 10
                    [color_id] => 4
                    [size_id] => 2
                    [price] => 
                )

        )

)
POST:
Array
(
    [name] => Jersey midi dress with cut
    [description] => 
    [base_price] => 100
    [category_id] => 4
    [weight] => 
    [variants] => Array
        (
            [0] => Array
                (
                    [quantity] => 10
                    [color_id] => 4
                    [size_id] => 2
                    [price] => 
                )

        )

)
FILES:
Array
(
)
Array
(
    [name] => Jersey midi dress with cut
    [description] => 
    [base_price] => 100
    [category_id] => 4
    [weight] => 
    [variants] => Array
        (
            [0] => Array
                (
                    [quantity] => 10
                    [color_id] => 4
                    [size_id] => 2
                    [price] => 
                )

        )

)
POST:
Array
(
    [name] => Jersey midi dress with cut
    [description] => test
    [base_price] => 100
    [category_id] => 4
    [weight] => 
    [variants] => Array
        (
            [0] => Array
                (
                    [quantity] => 10
                    [color_id] => 4
                    [size_id] => 2
                    [price] => 
                )

        )

)
FILES:
Array
(
)
Array
(
    [name] => Jersey midi dress with cut
    [description] => test
    [base_price] => 100
    [category_id] => 4
    [weight] => 
    [variants] => Array
        (
            [0] => Array
                (
                    [quantity] => 10
                    [color_id] => 4
                    [size_id] => 2
                    [price] => 
                )

        )

)
POST:
Array
(
    [name] => Jersey midi dress with cut
    [description] => 
    [base_price] => 100
    [category_id] => 4
    [weight] => 
    [variants] => Array
        (
            [0] => Array
                (
                    [quantity] => 10
                    [color_id] => 4
                    [size_id] => 2
                    [price] => 
                )

        )

)
FILES:
Array
(
)
Array
(
    [name] => Jersey midi dress with cut
    [description] => 
    [base_price] => 100
    [category_id] => 4
    [weight] => 
    [variants] => Array
        (
            [0] => Array
                (
                    [quantity] => 10
                    [color_id] => 4
                    [size_id] => 2
                    [price] => 
                )

        )

)
POST:
Array
(
    [name] => Jersey midi dress with cut
    [description] => 
    [base_price] => 100
    [category_id] => 4
    [weight] => 
    [variants] => Array
        (
            [0] => Array
                (
                    [quantity] => 10
                    [color_id] => 4
                    [size_id] => 2
                    [price] => 
                )

        )

)
FILES:
Array
(
    [images] => Array
        (
            [name] => Array
                (
                    [0] => Jersey.png
                )

            [full_path] => Array
                (
                    [0] => Jersey.png
                )

            [type] => Array
                (
                    [0] => image/png
                )

            [tmp_name] => Array
                (
                    [0] => C:\xampp\tmp\php1334.tmp
                )

            [error] => Array
                (
                    [0] => 0
                )

            [size] => Array
                (
                    [0] => 93716
                )

        )

)
Array
(
    [name] => Jersey midi dress with cut
    [description] => 
    [base_price] => 100
    [category_id] => 4
    [weight] => 
    [variants] => Array
        (
            [0] => Array
                (
                    [quantity] => 10
                    [color_id] => 4
                    [size_id] => 2
                    [price] => 
                )

        )

)
UploadImages called with files:
Array
(
    [name] => Array
        (
            [0] => Jersey.png
        )

    [full_path] => Array
        (
            [0] => Jersey.png
        )

    [type] => Array
        (
            [0] => image/png
        )

    [tmp_name] => Array
        (
            [0] => C:\xampp\tmp\php1334.tmp
        )

    [error] => Array
        (
            [0] => 0
        )

    [size] => Array
        (
            [0] => 93716
        )

)
Processing file: Jersey.png, tmp: C:\xampp\tmp\php1334.tmp, type: image/png, size: 93716
Image moved successfully: C:\xampp\htdocs\Ego_website\app\controllers/../../public/admin/uploads/68d1466455222_Jersey.png
Inserting image: product_id=23, path=admin/uploads/68d1466455222_Jersey.png, is_main=0
POST:
Array
(
    [name] => Jersey midi dress with cut
    [description] => test
    [base_price] => 100
    [category_id] => 4
    [weight] => 
    [variants] => Array
        (
            [0] => Array
                (
                    [quantity] => 100
                    [color_id] => 4
                    [size_id] => 2
                    [price] => 
                )

        )

)
FILES:
Array
(
    [images] => Array
        (
            [name] => Array
                (
                    [0] => Jersey.png
                )

            [full_path] => Array
                (
                    [0] => Jersey.png
                )

            [type] => Array
                (
                    [0] => image/png
                )

            [tmp_name] => Array
                (
                    [0] => C:\xampp\tmp\php8D07.tmp
                )

            [error] => Array
                (
                    [0] => 0
                )

            [size] => Array
                (
                    [0] => 93716
                )

        )

)
Array
(
    [name] => Jersey midi dress with cut
    [description] => test
    [base_price] => 100
    [category_id] => 4
    [weight] => 
    [variants] => Array
        (
            [0] => Array
                (
                    [quantity] => 100
                    [color_id] => 4
                    [size_id] => 2
                    [price] => 
                )

        )

)
UploadImages called with files:
Array
(
    [name] => Array
        (
            [0] => Jersey.png
        )

    [full_path] => Array
        (
            [0] => Jersey.png
        )

    [type] => Array
        (
            [0] => image/png
        )

    [tmp_name] => Array
        (
            [0] => C:\xampp\tmp\php8D07.tmp
        )

    [error] => Array
        (
            [0] => 0
        )

    [size] => Array
        (
            [0] => 93716
        )

)
Processing file: Jersey.png, tmp: C:\xampp\tmp\php8D07.tmp, type: image/png, size: 93716
Image moved successfully: C:\xampp\htdocs\Ego_website\app\controllers/../../public/admin/uploads/68d1484e4059c_Jersey.png
Inserting image: product_id=24, path=admin/uploads/68d1484e4059c_Jersey.png, is_main=0
POST:
Array
(
    [name] => Jersey midi dress with cut
    [description] => test
    [is_top] => 1
    [base_price] => 100
    [category_id] => 4
    [weight] => 
    [variants] => Array
        (
            [0] => Array
                (
                    [quantity] => 10
                    [color_id] => 4
                    [size_id] => 2
                    [price] => 
                )

            [1] => Array
                (
                    [quantity] => 20
                    [color_id] => 3
                    [size_id] => 2
                    [price] => 
                )

        )

)
FILES:
Array
(
    [images] => Array
        (
            [name] => Array
                (
                    [0] => Jersey.png
                )

            [full_path] => Array
                (
                    [0] => Jersey.png
                )

            [type] => Array
                (
                    [0] => image/png
                )

            [tmp_name] => Array
                (
                    [0] => C:\xampp\tmp\phpB0E6.tmp
                )

            [error] => Array
                (
                    [0] => 0
                )

            [size] => Array
                (
                    [0] => 93716
                )

        )

)
Array
(
    [name] => Jersey midi dress with cut
    [description] => test
    [is_top] => 1
    [base_price] => 100
    [category_id] => 4
    [weight] => 
    [variants] => Array
        (
            [0] => Array
                (
                    [quantity] => 10
                    [color_id] => 4
                    [size_id] => 2
                    [price] => 
                )

            [1] => Array
                (
                    [quantity] => 20
                    [color_id] => 3
                    [size_id] => 2
                    [price] => 
                )

        )

)
UploadImages called with files:
Array
(
    [name] => Array
        (
            [0] => Jersey.png
        )

    [full_path] => Array
        (
            [0] => Jersey.png
        )

    [type] => Array
        (
            [0] => image/png
        )

    [tmp_name] => Array
        (
            [0] => C:\xampp\tmp\phpB0E6.tmp
        )

    [error] => Array
        (
            [0] => 0
        )

    [size] => Array
        (
            [0] => 93716
        )

)
Processing file: Jersey.png, tmp: C:\xampp\tmp\phpB0E6.tmp, type: image/png, size: 93716
Image moved successfully: C:\xampp\htdocs\Ego_website\app\controllers/../../public/admin/uploads/68d14898f25d8_Jersey.png
Inserting image: product_id=25, path=admin/uploads/68d14898f25d8_Jersey.png, is_main=0
POST:
Array
(
    [name] => Jersey midi dress with cut
    [description] => test
    [is_top] => 1
    [base_price] => 100
    [category_id] => 4
    [weight] => 
    [variants] => Array
        (
            [0] => Array
                (
                    [quantity] => 10
                    [color_id] => 3
                    [size_id] => 2
                    [price] => 
                )

        )

)
FILES:
Array
(
    [images] => Array
        (
            [name] => Array
                (
                    [0] => Jersey.png
                    [1] => Dresses.png
                )

            [full_path] => Array
                (
                    [0] => Jersey.png
                    [1] => Dresses.png
                )

            [type] => Array
                (
                    [0] => image/png
                    [1] => image/png
                )

            [tmp_name] => Array
                (
                    [0] => C:\xampp\tmp\phpA8BE.tmp
                    [1] => C:\xampp\tmp\phpA8FE.tmp
                )

            [error] => Array
                (
                    [0] => 0
                    [1] => 0
                )

            [size] => Array
                (
                    [0] => 93716
                    [1] => 396404
                )

        )

)
Array
(
    [name] => Jersey midi dress with cut
    [description] => test
    [is_top] => 1
    [base_price] => 100
    [category_id] => 4
    [weight] => 
    [variants] => Array
        (
            [0] => Array
                (
                    [quantity] => 10
                    [color_id] => 3
                    [size_id] => 2
                    [price] => 
                )

        )

)
UploadImages called with files:
Array
(
    [name] => Array
        (
            [0] => Jersey.png
            [1] => Dresses.png
        )

    [full_path] => Array
        (
            [0] => Jersey.png
            [1] => Dresses.png
        )

    [type] => Array
        (
            [0] => image/png
            [1] => image/png
        )

    [tmp_name] => Array
        (
            [0] => C:\xampp\tmp\phpA8BE.tmp
            [1] => C:\xampp\tmp\phpA8FE.tmp
        )

    [error] => Array
        (
            [0] => 0
            [1] => 0
        )

    [size] => Array
        (
            [0] => 93716
            [1] => 396404
        )

)
Processing file: Jersey.png, tmp: C:\xampp\tmp\phpA8BE.tmp, type: image/png, size: 93716
Image moved successfully: C:\xampp\htdocs\Ego_website\app\controllers/../../public/admin/uploads/68d15c8ee3ba8_Jersey.png
Inserting image: product_id=26, path=admin/uploads/68d15c8ee3ba8_Jersey.png, is_main=0
Processing file: Dresses.png, tmp: C:\xampp\tmp\phpA8FE.tmp, type: image/png, size: 396404
Image moved successfully: C:\xampp\htdocs\Ego_website\app\controllers/../../public/admin/uploads/68d15c8ee74e0_Dresses.png
Inserting image: product_id=26, path=admin/uploads/68d15c8ee74e0_Dresses.png, is_main=0
POST:
Array
(
    [name] => Jersey midi dress with cut
    [description] => test
    [is_top] => 1
    [base_price] => 300
    [category_id] => 2
    [weight] => 
    [variants] => Array
        (
            [0] => Array
                (
                    [quantity] => 10
                    [color_id] => 5
                    [size_id] => 2
                    [price] => 
                )

        )

)
FILES:
Array
(
    [images] => Array
        (
            [name] => Array
                (
                    [0] => Jersey.png
                )

            [full_path] => Array
                (
                    [0] => Jersey.png
                )

            [type] => Array
                (
                    [0] => image/png
                )

            [tmp_name] => Array
                (
                    [0] => C:\xampp\tmp\php2E59.tmp
                )

            [error] => Array
                (
                    [0] => 0
                )

            [size] => Array
                (
                    [0] => 93716
                )

        )

)
Array
(
    [name] => Jersey midi dress with cut
    [description] => test
    [is_top] => 1
    [base_price] => 300
    [category_id] => 2
    [weight] => 
    [variants] => Array
        (
            [0] => Array
                (
                    [quantity] => 10
                    [color_id] => 5
                    [size_id] => 2
                    [price] => 
                )

        )

)
UploadImages called with files:
Array
(
    [name] => Array
        (
            [0] => Jersey.png
        )

    [full_path] => Array
        (
            [0] => Jersey.png
        )

    [type] => Array
        (
            [0] => image/png
        )

    [tmp_name] => Array
        (
            [0] => C:\xampp\tmp\php2E59.tmp
        )

    [error] => Array
        (
            [0] => 0
        )

    [size] => Array
        (
            [0] => 93716
        )

)
Processing file: Jersey.png, tmp: C:\xampp\tmp\php2E59.tmp, type: image/png, size: 93716
Image moved successfully: C:\xampp\htdocs\Ego_website\app\controllers/../../public/admin/uploads/68d15e7ba29c3_Jersey.png
Inserting image: product_id=27, path=admin/uploads/68d15e7ba29c3_Jersey.png, is_main=0
POST:
Array
(
    [name] => test
    [description] => 
    [is_top] => 1
    [base_price] => 100
    [category_id] => 3
    [weight] => 
    [variants] => Array
        (
            [0] => Array
                (
                    [quantity] => 4
                    [color_id] => 3
                    [size_id] => 2
                    [price] => 
                )

        )

)
FILES:
Array
(
    [images] => Array
        (
            [name] => Array
                (
                    [0] => Jersey.png
                )

            [full_path] => Array
                (
                    [0] => Jersey.png
                )

            [type] => Array
                (
                    [0] => image/png
                )

            [tmp_name] => Array
                (
                    [0] => C:\xampp\tmp\phpB21C.tmp
                )

            [error] => Array
                (
                    [0] => 0
                )

            [size] => Array
                (
                    [0] => 93716
                )

        )

)
Array
(
    [name] => test
    [description] => 
    [is_top] => 1
    [base_price] => 100
    [category_id] => 3
    [weight] => 
    [variants] => Array
        (
            [0] => Array
                (
                    [quantity] => 4
                    [color_id] => 3
                    [size_id] => 2
                    [price] => 
                )

        )

)
UploadImages called with files:
Array
(
    [name] => Array
        (
            [0] => Jersey.png
        )

    [full_path] => Array
        (
            [0] => Jersey.png
        )

    [type] => Array
        (
            [0] => image/png
        )

    [tmp_name] => Array
        (
            [0] => C:\xampp\tmp\phpB21C.tmp
        )

    [error] => Array
        (
            [0] => 0
        )

    [size] => Array
        (
            [0] => 93716
        )

)
Processing file: Jersey.png, tmp: C:\xampp\tmp\phpB21C.tmp, type: image/png, size: 93716
Image moved successfully: C:\xampp\htdocs\Ego_website\app\controllers/../../public/admin/uploads/68d15edee3d34_Jersey.png
Inserting image: product_id=28, path=admin/uploads/68d15edee3d34_Jersey.png, is_main=0
API file reached
API file reached
Controller instantiated
Caught Exception: Class "Cart" not found
API file reached
Controller instantiated
Caught Exception: Cannot use object of type PDOStatement as array
API file reached
Controller instantiated
CartController error: SQLSTATE[42S02]: Base table or view not found: 1146 Table 'ego.cart_items' doesn't existaddToCart returned: Array
(
    [success] => 
    [message] => Server error
)

API file reached
Controller instantiated
CartController error: SQLSTATE[42S22]: Column not found: 1054 Unknown column 'size' in 'where clause'addToCart returned: Array
(
    [success] => 
    [message] => Server error
)

API file reached
Controller instantiated
CartController error: SQLSTATE[42S22]: Column not found: 1054 Unknown column 'size' in 'field list'addToCart returned: Array
(
    [success] => 
    [message] => Server error
)

API file reached
Controller instantiated
CartController error: SQLSTATE[23000]: Integrity constraint violation: 1452 Cannot add or update a child row: a foreign key constraint fails (`ego`.`cart_item`, CONSTRAINT `cart_item_ibfk_3` FOREIGN KEY (`variant_id`) REFERENCES `product_variants` (`id`) ON DELETE SET NULL)addToCart returned: Array
(
    [success] => 
    [message] => Server error
)

POST:
Array
(
    [name] => Jersey midi dress with cut
    [description] => test
    [is_top] => 1
    [base_price] => 100
    [category_id] => 2
    [weight] => 
    [variants] => Array
        (
            [0] => Array
                (
                    [color_id] => 3
                    [images_alt_text] => Array
                        (
                            [0] => Tops
                        )

                    [images_display_order] => Array
                        (
                            [0] => 1
                        )

                    [size_id] => 2
                    [quantity] => 10
                    [price] => 100
                )

        )

)
FILES:
Array
(
    [variants] => Array
        (
            [name] => Array
                (
                    [0] => Array
                        (
                            [images] => Array
                                (
                                    [0] => Jeans.jpg
                                    [1] => Tops.jpg
                                )

                        )

                )

            [full_path] => Array
                (
                    [0] => Array
                        (
                            [images] => Array
                                (
                                    [0] => Jeans.jpg
                                    [1] => Tops.jpg
                                )

                        )

                )

            [type] => Array
                (
                    [0] => Array
                        (
                            [images] => Array
                                (
                                    [0] => image/jpeg
                                    [1] => image/jpeg
                                )

                        )

                )

            [tmp_name] => Array
                (
                    [0] => Array
                        (
                            [images] => Array
                                (
                                    [0] => C:\xampp\tmp\php7886.tmp
                                    [1] => C:\xampp\tmp\php7896.tmp
                                )

                        )

                )

            [error] => Array
                (
                    [0] => Array
                        (
                            [images] => Array
                                (
                                    [0] => 0
                                    [1] => 0
                                )

                        )

                )

            [size] => Array
                (
                    [0] => Array
                        (
                            [images] => Array
                                (
                                    [0] => 11433
                                    [1] => 196307
                                )

                        )

                )

        )

)
Array
(
    [name] => Jersey midi dress with cut
    [description] => test
    [is_top] => 1
    [base_price] => 100
    [category_id] => 2
    [weight] => 
    [variants] => Array
        (
            [0] => Array
                (
                    [color_id] => 3
                    [images_alt_text] => Array
                        (
                            [0] => Tops
                        )

                    [images_display_order] => Array
                        (
                            [0] => 1
                        )

                    [size_id] => 2
                    [quantity] => 10
                    [price] => 100
                )

        )

)
POST:
Array
(
    [name] => Jersey midi dress with cut
    [description] => test
    [is_top] => 1
    [base_price] => 100
    [category_id] => 2
    [weight] => 
    [variants] => Array
        (
            [0] => Array
                (
                    [color_id] => 3
                    [images_alt_text] => Array
                        (
                            [0] => Tops
                        )

                    [images_display_order] => Array
                        (
                            [0] => 1
                        )

                    [size_id] => 2
                    [quantity] => 10
                    [price] => 100
                )

        )

)
FILES:
Array
(
    [variants] => Array
        (
            [name] => Array
                (
                    [0] => Array
                        (
                            [images] => Array
                                (
                                    [0] => Jeans.jpg
                                    [1] => Tops.jpg
                                )

                        )

                )

            [full_path] => Array
                (
                    [0] => Array
                        (
                            [images] => Array
                                (
                                    [0] => Jeans.jpg
                                    [1] => Tops.jpg
                                )

                        )

                )

            [type] => Array
                (
                    [0] => Array
                        (
                            [images] => Array
                                (
                                    [0] => image/jpeg
                                    [1] => image/jpeg
                                )

                        )

                )

            [tmp_name] => Array
                (
                    [0] => Array
                        (
                            [images] => Array
                                (
                                    [0] => C:\xampp\tmp\phpB21C.tmp
                                    [1] => C:\xampp\tmp\phpB21D.tmp
                                )

                        )

                )

            [error] => Array
                (
                    [0] => Array
                        (
                            [images] => Array
                                (
                                    [0] => 0
                                    [1] => 0
                                )

                        )

                )

            [size] => Array
                (
                    [0] => Array
                        (
                            [images] => Array
                                (
                                    [0] => 11433
                                    [1] => 196307
                                )

                        )

                )

        )

)
Array
(
    [name] => Jersey midi dress with cut
    [description] => test
    [is_top] => 1
    [base_price] => 100
    [category_id] => 2
    [weight] => 
    [variants] => Array
        (
            [0] => Array
                (
                    [color_id] => 3
                    [images_alt_text] => Array
                        (
                            [0] => Tops
                        )

                    [images_display_order] => Array
                        (
                            [0] => 1
                        )

                    [size_id] => 2
                    [quantity] => 10
                    [price] => 100
                )

        )

)
POST:
Array
(
    [name] => Jersey midi dress with cut
    [description] => test
    [is_top] => 1
    [base_price] => 100
    [category_id] => 2
    [weight] => 
    [variants] => Array
        (
            [0] => Array
                (
                    [color_id] => 3
                    [images_alt_text] => Array
                        (
                            [0] => Tops
                        )

                    [images_display_order] => Array
                        (
                            [0] => 1
                        )

                    [size_id] => 2
                    [quantity] => 10
                    [price] => 100
                )

        )

)
FILES:
Array
(
    [variants] => Array
        (
            [name] => Array
                (
                    [0] => Array
                        (
                            [images] => Array
                                (
                                    [0] => Jeans.jpg
                                    [1] => Tops.jpg
                                )

                        )

                )

            [full_path] => Array
                (
                    [0] => Array
                        (
                            [images] => Array
                                (
                                    [0] => Jeans.jpg
                                    [1] => Tops.jpg
                                )

                        )

                )

            [type] => Array
                (
                    [0] => Array
                        (
                            [images] => Array
                                (
                                    [0] => image/jpeg
                                    [1] => image/jpeg
                                )

                        )

                )

            [tmp_name] => Array
                (
                    [0] => Array
                        (
                            [images] => Array
                                (
                                    [0] => C:\xampp\tmp\php97D6.tmp
                                    [1] => C:\xampp\tmp\php97D7.tmp
                                )

                        )

                )

            [error] => Array
                (
                    [0] => Array
                        (
                            [images] => Array
                                (
                                    [0] => 0
                                    [1] => 0
                                )

                        )

                )

            [size] => Array
                (
                    [0] => Array
                        (
                            [images] => Array
                                (
                                    [0] => 11433
                                    [1] => 196307
                                )

                        )

                )

        )

)
Array
(
    [name] => Jersey midi dress with cut
    [description] => test
    [is_top] => 1
    [base_price] => 100
    [category_id] => 2
    [weight] => 
    [variants] => Array
        (
            [0] => Array
                (
                    [color_id] => 3
                    [images_alt_text] => Array
                        (
                            [0] => Tops
                        )

                    [images_display_order] => Array
                        (
                            [0] => 1
                        )

                    [size_id] => 2
                    [quantity] => 10
                    [price] => 100
                )

        )

)
