SQL: INSERT INTO products (name, description, base_price, weight, category_id, is_top)
                        VALUES (?, ?, ?, ?, ?, ?)
PARAMS: Array
(
    [0] => Jersey midi dress with cut
    [1] => test
    [2] => 100
    [3] => 0
    [4] => 2
    [5] => 1
)

Executed: true
ErrorInfo: Array
(
    [0] => 00000
    [1] => 
    [2] => 
)

Inserted ID: 37
Row check: Array
(
    [id] => 37
    [0] => 37
    [name] => Jersey midi dress with cut
    [1] => Jersey midi dress with cut
    [description] => test
    [2] => test
    [base_price] => 100.00
    [3] => 100.00
    [weight] => 0.00
    [4] => 0.00
    [category_id] => 2
    [5] => 2
    [created_at] => 2025-10-07 15:33:22
    [6] => 2025-10-07 15:33:22
    [is_top] => 1
    [7] => 1
)

---
SQLSTATE[23000]: Integrity constraint violation: 1452 Cannot add or update a child row: a foreign key constraint fails (`ego`.`cart_item`, CONSTRAINT `cart_item_ibfk_3` FOREIGN KEY (`variant_id`) REFERENCES `product_variants` (`id`) ON DELETE SET NULL)
SQLSTATE[23000]: Integrity constraint violation: 1452 Cannot add or update a child row: a foreign key constraint fails (`ego`.`cart_item`, CONSTRAINT `cart_item_ibfk_3` FOREIGN KEY (`variant_id`) REFERENCES `product_variants` (`id`) ON DELETE SET NULL)
SQLSTATE[23000]: Integrity constraint violation: 1452 Cannot add or update a child row: a foreign key constraint fails (`ego`.`cart_item`, CONSTRAINT `cart_item_ibfk_3` FOREIGN KEY (`variant_id`) REFERENCES `product_variants` (`id`) ON DELETE SET NULL)
SQLSTATE[23000]: Integrity constraint violation: 1452 Cannot add or update a child row: a foreign key constraint fails (`ego`.`cart_item`, CONSTRAINT `cart_item_ibfk_3` FOREIGN KEY (`variant_id`) REFERENCES `product_variants` (`id`) ON DELETE SET NULL)
SQLSTATE[23000]: Integrity constraint violation: 1452 Cannot add or update a child row: a foreign key constraint fails (`ego`.`cart_item`, CONSTRAINT `cart_item_ibfk_3` FOREIGN KEY (`variant_id`) REFERENCES `product_variants` (`id`) ON DELETE SET NULL)
SQLSTATE[23000]: Integrity constraint violation: 1452 Cannot add or update a child row: a foreign key constraint fails (`ego`.`cart_item`, CONSTRAINT `cart_item_ibfk_3` FOREIGN KEY (`variant_id`) REFERENCES `product_variants` (`id`) ON DELETE SET NULL)
